[
  {
    "timestamp": "2025-07-01T10:19:56.567643",
    "performance": {
      "Average Test Duration": {
        "value": 0.3961629867553711,
        "unit": "seconds"
      }
    },
    "quality": {
      "Pass Rate": "100.0%",
      "Total Tests": 1,
      "Passed Tests": 1,
      "Failed Tests": 0,
      "Skipped Tests": 0,
      "Error Tests": 0
    },
    "timing": {
      "test_load_malformed_json_duration": 0.0006401538848876953,
      "Total Run Time": 0.3961629867553711
    },
    "errors": [],
    "metadata": {
      "python_version": "3.12.7",
      "platform": "Linux",
      "architecture": "x86_64",
      "pytest_args": "tests/test_metrics_recorder.py::TestMetricsPersistence::test_load_malformed_json",
      "exit_status": 1
    }
  },
  {
    "timestamp": "2025-07-01T10:20:16.643032",
    "performance": {
      "Average Test Duration": {
        "value": 0.39308595657348633,
        "unit": "seconds"
      }
    },
    "quality": {
      "Pass Rate": "100.0%",
      "Total Tests": 1,
      "Passed Tests": 1,
      "Failed Tests": 0,
      "Skipped Tests": 0,
      "Error Tests": 0
    },
    "timing": {
      "test_save_io_error_duration": 0.0006401538848876953,
      "Total Run Time": 0.39308595657348633
    },
    "errors": [],
    "metadata": {
      "python_version": "3.12.7",
      "platform": "Linux",
      "architecture": "x86_64",
      "pytest_args": "tests/test_metrics_recorder.py::TestMetricsErrorHandling::test_save_io_error",
      "exit_status": 1
    }
  },
  {
    "timestamp": "2025-07-01T10:20:34.143834",
    "performance": {
      "Average Test Duration": {
        "value": 0.46222376823425293,
        "unit": "seconds"
      }
    },
    "quality": {
      "Pass Rate": "0.0%",
      "Total Tests": 1,
      "Passed Tests": 0,
      "Failed Tests": 1,
      "Skipped Tests": 0,
      "Error Tests": 0
    },
    "timing": {
      "test_load_io_error_duration": 0.0008504390716552734,
      "Total Run Time": 0.46222376823425293
    },
    "errors": [
      {
        "test": "tests/test_metrics_recorder.py::TestMetricsErrorHandling::test_load_io_error",
        "type": "test_failure",
        "message": "tests/test_metrics_recorder.py:184: in test_load_io_error\n    assert \"Warning: Could not load previous metrics:\" in captured.out\nE   AssertionError: assert 'Warning: Could not load previous metrics:' in ''\nE    +  where '' = CaptureResult(out='', err='').out",
        "timestamp": "2025-07-01T10:20:33.970351"
      }
    ],
    "metadata": {
      "python_version": "3.12.7",
      "platform": "Linux",
      "architecture": "x86_64",
      "pytest_args": "tests/test_metrics_recorder.py::TestMetricsErrorHandling::test_load_io_error",
      "exit_status": 1
    }
  },
  {
    "timestamp": "2025-07-01T10:21:22.374585",
    "performance": {
      "Average Test Duration": {
        "value": 0.44670653343200684,
        "unit": "seconds"
      }
    },
    "quality": {
      "Pass Rate": "100.0%",
      "Total Tests": 1,
      "Passed Tests": 1,
      "Failed Tests": 0,
      "Skipped Tests": 0,
      "Error Tests": 0
    },
    "timing": {
      "test_load_io_error_duration": 0.0006210803985595703,
      "Total Run Time": 0.44670653343200684
    },
    "errors": [],
    "metadata": {
      "python_version": "3.12.7",
      "platform": "Linux",
      "architecture": "x86_64",
      "pytest_args": "tests/test_metrics_recorder.py::TestMetricsErrorHandling::test_load_io_error",
      "exit_status": 1
    }
  },
  {
    "timestamp": "2025-07-01T10:21:39.488708",
    "performance": {
      "Average Test Duration": {
        "value": 0.20354926586151123,
        "unit": "seconds"
      }
    },
    "quality": {
      "Pass Rate": "100.0%",
      "Total Tests": 2,
      "Passed Tests": 2,
      "Failed Tests": 0,
      "Skipped Tests": 0,
      "Error Tests": 0
    },
    "timing": {
      "test_save_io_error_duration": 0.0005133152008056641,
      "test_load_io_error_duration": 0.0004951953887939453,
      "Total Run Time": 0.40709853172302246
    },
    "errors": [],
    "metadata": {
      "python_version": "3.12.7",
      "platform": "Linux",
      "architecture": "x86_64",
      "pytest_args": "tests/test_metrics_recorder.py::TestMetricsErrorHandling",
      "exit_status": 1
    }
  },
  {
    "timestamp": "2025-07-01T10:21:59.292156",
    "performance": {
      "Average Test Duration": {
        "value": 0.13428235054016113,
        "unit": "seconds"
      }
    },
    "quality": {
      "Pass Rate": "100.0%",
      "Total Tests": 3,
      "Passed Tests": 3,
      "Failed Tests": 0,
      "Skipped Tests": 0,
      "Error Tests": 0
    },
    "timing": {
      "test_load_malformed_json_duration": 0.0007627010345458984,
      "test_save_io_error_duration": 0.0004336833953857422,
      "test_load_io_error_duration": 0.0006225109100341797,
      "Total Run Time": 0.4028470516204834
    },
    "errors": [],
    "metadata": {
      "python_version": "3.12.7",
      "platform": "Linux",
      "architecture": "x86_64",
      "pytest_args": "tests/test_metrics_recorder.py::TestMetricsPersistence::test_load_malformed_json tests/test_metrics_recorder.py::TestMetricsErrorHandling",
      "exit_status": 1
    }
  },
  {
    "timestamp": "2025-07-01T12:55:46.310424",
    "performance": {},
    "quality": {},
    "timing": {
      "Total Run Time": 1.7169828414916992
    },
    "errors": [],
    "metadata": {
      "python_version": "3.12.7",
      "platform": "Linux",
      "architecture": "x86_64",
      "pytest_args": "tests/test_logging.py",
      "exit_status": 2
    }
  },
  {
    "timestamp": "2025-07-01T12:58:58.017223",
    "performance": {
      "Average Test Duration": {
        "value": 0.1711054209506873,
        "unit": "seconds"
      }
    },
    "quality": {
      "Pass Rate": "54.5%",
      "Total Tests": 33,
      "Passed Tests": 18,
      "Failed Tests": 15,
      "Skipped Tests": 0,
      "Error Tests": 0
    },
    "timing": {
      "test_main_module_logging[info-Initializing MemoryGate System-system initialization log]_duration": 0.005515575408935547,
      "test_main_module_logging[info-Initializing VectorMemoryStore with ChromaDB-vector store initialization log]_duration": 0.006783485412597656,
      "test_main_module_logging[info-MemoryGateway initialized-memory gateway initialization log]_duration": 0.004207611083984375,
      "test_main_module_logging[info-Initializing ConsolidationWorker-consolidation worker initialization log]_duration": 0.004556179046630859,
      "test_main_module_logging[info-ConsolidationWorker started-consolidation worker start log]_duration": 0.003170013427734375,
      "test_main_module_logging[info-ConsolidationWorker is disabled-consolidation worker disabled log]_duration": 0.004906654357910156,
      "test_main_module_logging[info-Example agents initialized-agents initialization log]_duration": 0.0034673213958740234,
      "test_main_module_logging[info-Starting Prometheus metrics server-metrics server start log]_duration": 0.0032470226287841797,
      "test_main_module_logging[info-MemoryGate System is running-system ready log]_duration": 0.0049343109130859375,
      "test_main_module_logging[info-Main task cancelled-main task cancellation log]_duration": 0.0030617713928222656,
      "test_main_module_logging[info-Initiating graceful shutdown-shutdown initiation log]_duration": 0.0029828548431396484,
      "test_main_module_logging[info-Stopping ConsolidationWorker-consolidation worker stop log]_duration": 0.0035064220428466797,
      "test_main_module_logging[info-Background tasks stopped-background tasks cleanup log]_duration": 0.0036208629608154297,
      "test_main_module_logging[info-KeyboardInterrupt received-keyboard interrupt log]_duration": 0.0032587051391601562,
      "test_main_module_logging[info-Main task cancellation requested-main task cancel request log]_duration": 0.0032062530517578125,
      "test_main_module_logging[info-MemoryGate application stopped-application stopped log]_duration": 0.004014253616333008,
      "test_consolidation_logging[info-Starting consolidation cycle-consolidation cycle start log]_duration": 0.0026540756225585938,
      "test_consolidation_logging[debug-Retrieved \\\\d+ items for consolidation-items retrieval log]_duration": 0.0012874603271484375,
      "test_consolidation_logging[debug-No more items found with low importance-no items found log]_duration": 0.0014486312866210938,
      "test_consolidation_logging[debug-Deleted \\\\d+ items in batch-batch deletion log]_duration": 0.0013167858123779297,
      "test_consolidation_logging[info-Consolidation cycle completed-consolidation cycle completion log]_duration": 0.0012695789337158203,
      "test_consolidation_logging[error-Error during consolidation loop-consolidation loop error log]_duration": 0.006949186325073242,
      "test_consolidation_logging[error-Error during consolidation cycle-consolidation cycle error log]_duration": 0.0010759830474853516,
      "test_agent_interface_logging[warning-Learning failed for agent-agent learning failure warning]_duration": 0.0005915164947509766,
      "test_agent_interface_logging[error-Critical learning failure for agent-agent learning critical error]_duration": 0.0004818439483642578,
      "test_shutdown_handler_logging_duration": 0.0023779869079589844,
      "test_consolidation_error_logging_scenarios_duration": 0.004015922546386719,
      "test_agent_task_execution_logging_scenarios_duration": 0.0003142356872558594,
      "test_consolidation_loop_error_logging_duration": 0.10212874412536621,
      "test_logging_integration_stability_duration": 5.0621514320373535,
      "test_logger_configuration_stability[memory_gate.main-memory_gate.main]_duration": 0.00035858154296875,
      "test_logger_configuration_stability[memory_gate.consolidation-memory_gate.consolidation]_duration": 0.00033664703369140625,
      "test_logger_configuration_stability[memory_gate.agent_interface-memory_gate.agent_interface]_duration": 0.0004248619079589844,
      "Total Run Time": 5.646478891372681
    },
    "errors": [
      {
        "test": "tests/test_logging.py::test_main_module_logging[info-ConsolidationWorker is disabled-consolidation worker disabled log]",
        "type": "test_failure",
        "message": "tests/test_logging.py:144: in test_main_module_logging\n    assert len(matching_records) >= 1, (\nE   AssertionError: Expected info log with pattern 'ConsolidationWorker is disabled' not found. Description: consolidation worker disabled log. Available info logs: ['Initializing MemoryGate System...', \"Initializing VectorMemoryStore with ChromaDB: directory='./data/production_chromadb_store', collection='memory_gate_prod_collection'\", 'MemoryGateway initialized.', 'Initializing ConsolidationWorker with interval 3600s.', 'ConsolidationWorker started.', 'Example agents initialized: EchoAgent, InfraTroubleshooterAgent', 'Starting Prometheus metrics server on 0.0.0.0:8008...', 'MemoryGate System is running. Press Ctrl+C to exit.', 'Main task cancelled. Shutting down...']\nE   assert 0 >= 1\nE    +  where 0 = len([])",
        "timestamp": "2025-07-01T12:58:52.594885"
      },
      {
        "test": "tests/test_logging.py::test_main_module_logging[info-Initiating graceful shutdown-shutdown initiation log]",
        "type": "test_failure",
        "message": "tests/test_logging.py:144: in test_main_module_logging\n    assert len(matching_records) >= 1, (\nE   AssertionError: Expected info log with pattern 'Initiating graceful shutdown' not found. Description: shutdown initiation log. Available info logs: ['Initializing MemoryGate System...', \"Initializing VectorMemoryStore with ChromaDB: directory='./data/production_chromadb_store', collection='memory_gate_prod_collection'\", 'MemoryGateway initialized.', 'Initializing ConsolidationWorker with interval 3600s.', 'ConsolidationWorker started.', 'Example agents initialized: EchoAgent, InfraTroubleshooterAgent', 'Starting Prometheus metrics server on 0.0.0.0:8008...', 'MemoryGate System is running. Press Ctrl+C to exit.', 'Main task cancelled. Shutting down...']\nE   assert 0 >= 1\nE    +  where 0 = len([])",
        "timestamp": "2025-07-01T12:58:52.630653"
      },
      {
        "test": "tests/test_logging.py::test_main_module_logging[info-Stopping ConsolidationWorker-consolidation worker stop log]",
        "type": "test_failure",
        "message": "tests/test_logging.py:144: in test_main_module_logging\n    assert len(matching_records) >= 1, (\nE   AssertionError: Expected info log with pattern 'Stopping ConsolidationWorker' not found. Description: consolidation worker stop log. Available info logs: ['Initializing MemoryGate System...', \"Initializing VectorMemoryStore with ChromaDB: directory='./data/production_chromadb_store', collection='memory_gate_prod_collection'\", 'MemoryGateway initialized.', 'Initializing ConsolidationWorker with interval 3600s.', 'ConsolidationWorker started.', 'Example agents initialized: EchoAgent, InfraTroubleshooterAgent', 'Starting Prometheus metrics server on 0.0.0.0:8008...', 'MemoryGate System is running. Press Ctrl+C to exit.', 'Main task cancelled. Shutting down...']\nE   assert 0 >= 1\nE    +  where 0 = len([])",
        "timestamp": "2025-07-01T12:58:52.645422"
      },
      {
        "test": "tests/test_logging.py::test_main_module_logging[info-Background tasks stopped-background tasks cleanup log]",
        "type": "test_failure",
        "message": "tests/test_logging.py:144: in test_main_module_logging\n    assert len(matching_records) >= 1, (\nE   AssertionError: Expected info log with pattern 'Background tasks stopped' not found. Description: background tasks cleanup log. Available info logs: ['Initializing MemoryGate System...', \"Initializing VectorMemoryStore with ChromaDB: directory='./data/production_chromadb_store', collection='memory_gate_prod_collection'\", 'MemoryGateway initialized.', 'Initializing ConsolidationWorker with interval 3600s.', 'ConsolidationWorker started.', 'Example agents initialized: EchoAgent, InfraTroubleshooterAgent', 'Starting Prometheus metrics server on 0.0.0.0:8008...', 'MemoryGate System is running. Press Ctrl+C to exit.', 'Main task cancelled. Shutting down...']\nE   assert 0 >= 1\nE    +  where 0 = len([])",
        "timestamp": "2025-07-01T12:58:52.661333"
      },
      {
        "test": "tests/test_logging.py::test_main_module_logging[info-KeyboardInterrupt received-keyboard interrupt log]",
        "type": "test_failure",
        "message": "tests/test_logging.py:144: in test_main_module_logging\n    assert len(matching_records) >= 1, (\nE   AssertionError: Expected info log with pattern 'KeyboardInterrupt received' not found. Description: keyboard interrupt log. Available info logs: ['Initializing MemoryGate System...', \"Initializing VectorMemoryStore with ChromaDB: directory='./data/production_chromadb_store', collection='memory_gate_prod_collection'\", 'MemoryGateway initialized.', 'Initializing ConsolidationWorker with interval 3600s.', 'ConsolidationWorker started.', 'Example agents initialized: EchoAgent, InfraTroubleshooterAgent', 'Starting Prometheus metrics server on 0.0.0.0:8008...', 'MemoryGate System is running. Press Ctrl+C to exit.', 'Main task cancelled. Shutting down...']\nE   assert 0 >= 1\nE    +  where 0 = len([])",
        "timestamp": "2025-07-01T12:58:52.674580"
      },
      {
        "test": "tests/test_logging.py::test_main_module_logging[info-Main task cancellation requested-main task cancel request log]",
        "type": "test_failure",
        "message": "tests/test_logging.py:144: in test_main_module_logging\n    assert len(matching_records) >= 1, (\nE   AssertionError: Expected info log with pattern 'Main task cancellation requested' not found. Description: main task cancel request log. Available info logs: ['Initializing MemoryGate System...', \"Initializing VectorMemoryStore with ChromaDB: directory='./data/production_chromadb_store', collection='memory_gate_prod_collection'\", 'MemoryGateway initialized.', 'Initializing ConsolidationWorker with interval 3600s.', 'ConsolidationWorker started.', 'Example agents initialized: EchoAgent, InfraTroubleshooterAgent', 'Starting Prometheus metrics server on 0.0.0.0:8008...', 'MemoryGate System is running. Press Ctrl+C to exit.', 'Main task cancelled. Shutting down...']\nE   assert 0 >= 1\nE    +  where 0 = len([])",
        "timestamp": "2025-07-01T12:58:52.688513"
      },
      {
        "test": "tests/test_logging.py::test_main_module_logging[info-MemoryGate application stopped-application stopped log]",
        "type": "test_failure",
        "message": "tests/test_logging.py:144: in test_main_module_logging\n    assert len(matching_records) >= 1, (\nE   AssertionError: Expected info log with pattern 'MemoryGate application stopped' not found. Description: application stopped log. Available info logs: ['Initializing MemoryGate System...', \"Initializing VectorMemoryStore with ChromaDB: directory='./data/production_chromadb_store', collection='memory_gate_prod_collection'\", 'MemoryGateway initialized.', 'Initializing ConsolidationWorker with interval 3600s.', 'ConsolidationWorker started.', 'Example agents initialized: EchoAgent, InfraTroubleshooterAgent', 'Starting Prometheus metrics server on 0.0.0.0:8008...', 'MemoryGate System is running. Press Ctrl+C to exit.', 'Main task cancelled. Shutting down...']\nE   assert 0 >= 1\nE    +  where 0 = len([])",
        "timestamp": "2025-07-01T12:58:52.702284"
      },
      {
        "test": "tests/test_logging.py::test_consolidation_logging[debug-No more items found with low importance-no items found log]",
        "type": "test_failure",
        "message": "tests/test_logging.py:199: in test_consolidation_logging\n    assert len(matching_records) >= 1, (\nE   AssertionError: Expected debug log with pattern 'No more items found with low importance' not found. Description: no items found log. Available debug logs: ['Retrieved 1 items for consolidation evaluation', 'Deleted 1 items in batch, processed 1 total']\nE   assert 0 >= 1\nE    +  where 0 = len([])",
        "timestamp": "2025-07-01T12:58:52.726228"
      },
      {
        "test": "tests/test_logging.py::test_consolidation_logging[error-Error during consolidation loop-consolidation loop error log]",
        "type": "test_failure",
        "message": "tests/test_logging.py:199: in test_consolidation_logging\n    assert len(matching_records) >= 1, (\nE   AssertionError: Expected error log with pattern 'Error during consolidation loop' not found. Description: consolidation loop error log. Available error logs: ['Error during consolidation cycle: Test error']\nE   assert 0 >= 1\nE    +  where 0 = len([])",
        "timestamp": "2025-07-01T12:58:52.751212"
      },
      {
        "test": "tests/test_logging.py::test_agent_interface_logging[warning-Learning failed for agent-agent learning failure warning]",
        "type": "test_failure",
        "message": "tests/test_logging.py:233: in test_agent_interface_logging\n    mock_memory_gateway.learn_from_interaction.side_effect = ValueError(\"Learning failed\")\n    ^^^^^^^^^^^^^^^^^^^^^^^^^^^^^^^^^^^^^^^^^^^^^^^^^^^^^^\nE   AttributeError: 'method' object has no attribute 'side_effect'",
        "timestamp": "2025-07-01T12:58:52.767751"
      },
      {
        "test": "tests/test_logging.py::test_agent_interface_logging[error-Critical learning failure for agent-agent learning critical error]",
        "type": "test_failure",
        "message": "tests/test_logging.py:231: in test_agent_interface_logging\n    mock_memory_gateway.learn_from_interaction.side_effect = Exception(\"Critical learning error\")\n    ^^^^^^^^^^^^^^^^^^^^^^^^^^^^^^^^^^^^^^^^^^^^^^^^^^^^^^\nE   AttributeError: 'method' object has no attribute 'side_effect'",
        "timestamp": "2025-07-01T12:58:52.779798"
      },
      {
        "test": "tests/test_logging.py::test_agent_task_execution_logging_scenarios",
        "type": "test_failure",
        "message": "tests/test_logging.py:327: in test_agent_task_execution_logging_scenarios\n    mock_memory_gateway.learn_from_interaction.return_value = LearningContext(\n    ^^^^^^^^^^^^^^^^^^^^^^^^^^^^^^^^^^^^^^^^^^^^^^^^^^^^^^^\nE   AttributeError: 'method' object has no attribute 'return_value'",
        "timestamp": "2025-07-01T12:58:52.802848"
      },
      {
        "test": "tests/test_logging.py::test_logger_configuration_stability[memory_gate.main-memory_gate.main]",
        "type": "test_failure",
        "message": "tests/test_logging.py:460: in test_logger_configuration_stability\n    assert logger.isEnabledFor(logging.DEBUG)\nE   assert False\nE    +  where False = isEnabledFor(10)\nE    +    where isEnabledFor = <Logger memory_gate.main (INFO)>.isEnabledFor\nE    +    and   10 = logging.DEBUG",
        "timestamp": "2025-07-01T12:58:57.987225"
      },
      {
        "test": "tests/test_logging.py::test_logger_configuration_stability[memory_gate.consolidation-memory_gate.consolidation]",
        "type": "test_failure",
        "message": "tests/test_logging.py:460: in test_logger_configuration_stability\n    assert logger.isEnabledFor(logging.DEBUG)\nE   assert False\nE    +  where False = isEnabledFor(10)\nE    +    where isEnabledFor = <Logger memory_gate.consolidation (INFO)>.isEnabledFor\nE    +    and   10 = logging.DEBUG",
        "timestamp": "2025-07-01T12:58:58.000659"
      },
      {
        "test": "tests/test_logging.py::test_logger_configuration_stability[memory_gate.agent_interface-memory_gate.agent_interface]",
        "type": "test_failure",
        "message": "tests/test_logging.py:460: in test_logger_configuration_stability\n    assert logger.isEnabledFor(logging.DEBUG)\nE   assert False\nE    +  where False = isEnabledFor(10)\nE    +    where isEnabledFor = <Logger memory_gate.agent_interface (INFO)>.isEnabledFor\nE    +    and   10 = logging.DEBUG",
        "timestamp": "2025-07-01T12:58:58.014905"
      }
    ],
    "metadata": {
      "python_version": "3.12.7",
      "platform": "Linux",
      "architecture": "x86_64",
      "pytest_args": "tests/test_logging.py",
      "exit_status": 1
    }
  },
  {
    "timestamp": "2025-07-01T13:00:22.608215",
    "performance": {
      "Average Test Duration": {
        "value": 0.08260045448939006,
        "unit": "seconds"
      }
    },
    "quality": {
      "Pass Rate": "100.0%",
      "Total Tests": 24,
      "Passed Tests": 24,
      "Failed Tests": 0,
      "Skipped Tests": 0,
      "Error Tests": 0
    },
    "timing": {
      "test_main_module_logging[info-Initializing MemoryGate System-system initialization log]_duration": 0.004098176956176758,
      "test_main_module_logging[info-Initializing VectorMemoryStore with ChromaDB-vector store initialization log]_duration": 0.002945423126220703,
      "test_main_module_logging[info-MemoryGateway initialized-memory gateway initialization log]_duration": 0.0029120445251464844,
      "test_main_module_logging[info-Initializing ConsolidationWorker-consolidation worker initialization log]_duration": 0.003450155258178711,
      "test_main_module_logging[info-ConsolidationWorker started-consolidation worker start log]_duration": 0.004270315170288086,
      "test_main_module_logging[info-Example agents initialized-agents initialization log]_duration": 0.0052263736724853516,
      "test_main_module_logging[info-Starting Prometheus metrics server-metrics server start log]_duration": 0.003258228302001953,
      "test_main_module_logging[info-MemoryGate System is running-system ready log]_duration": 0.00461125373840332,
      "test_main_module_logging[info-Main task cancelled-main task cancellation log]_duration": 0.0037262439727783203,
      "test_consolidation_logging[info-Starting consolidation cycle-consolidation cycle start log]_duration": 0.0013093948364257812,
      "test_consolidation_logging[debug-Retrieved-items retrieval log]_duration": 0.0013573169708251953,
      "test_consolidation_logging[debug-Deleted-batch deletion log]_duration": 0.0025396347045898438,
      "test_consolidation_logging[info-Consolidation cycle completed-consolidation cycle completion log]_duration": 0.0014200210571289062,
      "test_consolidation_logging[error-Error during consolidation cycle-consolidation cycle error log]_duration": 0.0038487911224365234,
      "test_agent_interface_logging[warning-Learning failed for agent-agent learning failure warning]_duration": 0.0021538734436035156,
      "test_agent_interface_logging[error-Critical learning failure for agent-agent learning critical error]_duration": 0.0020990371704101562,
      "test_shutdown_handler_logging_duration": 0.003765583038330078,
      "test_consolidation_error_logging_scenarios_duration": 0.002752065658569336,
      "test_agent_task_execution_logging_scenarios_duration": 0.0028641223907470703,
      "test_consolidation_loop_error_logging_duration": 0.1020500659942627,
      "test_logging_integration_stability_duration": 1.599747657775879,
      "test_logger_configuration_stability[memory_gate.main-memory_gate.main]_duration": 0.0003230571746826172,
      "test_logger_configuration_stability[memory_gate.consolidation-memory_gate.consolidation]_duration": 0.0003170967102050781,
      "test_logger_configuration_stability[memory_gate.agent_interface-memory_gate.agent_interface]_duration": 0.00030231475830078125,
      "Total Run Time": 1.9824109077453613
    },
    "errors": [],
    "metadata": {
      "python_version": "3.12.7",
      "platform": "Linux",
      "architecture": "x86_64",
      "pytest_args": "tests/test_logging.py",
      "exit_status": 0
    }
  },
  {
    "timestamp": "2025-07-01T13:01:10.481916",
    "performance": {
      "Average Test Duration": {
        "value": 0.07166189948717754,
        "unit": "seconds"
      }
    },
    "quality": {
      "Pass Rate": "100.0%",
      "Total Tests": 24,
      "Passed Tests": 24,
      "Failed Tests": 0,
      "Skipped Tests": 0,
      "Error Tests": 0
    },
    "timing": {
      "test_main_module_logging[info-Initializing MemoryGate System-system initialization log]_duration": 0.0035283565521240234,
      "test_main_module_logging[info-Initializing VectorMemoryStore with ChromaDB-vector store initialization log]_duration": 0.005353689193725586,
      "test_main_module_logging[info-MemoryGateway initialized-memory gateway initialization log]_duration": 0.003385782241821289,
      "test_main_module_logging[info-Initializing ConsolidationWorker-consolidation worker initialization log]_duration": 0.00290679931640625,
      "test_main_module_logging[info-ConsolidationWorker started-consolidation worker start log]_duration": 0.0030786991119384766,
      "test_main_module_logging[info-Example agents initialized-agents initialization log]_duration": 0.004350900650024414,
      "test_main_module_logging[info-Starting Prometheus metrics server-metrics server start log]_duration": 0.005740165710449219,
      "test_main_module_logging[info-MemoryGate System is running-system ready log]_duration": 0.003930330276489258,
      "test_main_module_logging[info-Main task cancelled-main task cancellation log]_duration": 0.004889011383056641,
      "test_consolidation_logging[info-Starting consolidation cycle-consolidation cycle start log]_duration": 0.0015902519226074219,
      "test_consolidation_logging[debug-Retrieved-items retrieval log]_duration": 0.0022139549255371094,
      "test_consolidation_logging[debug-Deleted-batch deletion log]_duration": 0.0012617111206054688,
      "test_consolidation_logging[info-Consolidation cycle completed-consolidation cycle completion log]_duration": 0.0011370182037353516,
      "test_consolidation_logging[error-Error during consolidation cycle-consolidation cycle error log]_duration": 0.0016014575958251953,
      "test_agent_interface_logging[warning-Learning failed for agent-agent learning failure warning]_duration": 0.0019538402557373047,
      "test_agent_interface_logging[error-Critical learning failure for agent-agent learning critical error]_duration": 0.0019690990447998047,
      "test_shutdown_handler_logging_duration": 0.0035028457641601562,
      "test_consolidation_error_logging_scenarios_duration": 0.0024640560150146484,
      "test_agent_task_execution_logging_scenarios_duration": 0.002080678939819336,
      "test_consolidation_loop_error_logging_duration": 0.10174083709716797,
      "test_logging_integration_stability_duration": 1.4629876613616943,
      "test_logger_configuration_stability[memory_gate.main-memory_gate.main]_duration": 0.00022721290588378906,
      "test_logger_configuration_stability[memory_gate.consolidation-memory_gate.consolidation]_duration": 0.00024628639221191406,
      "test_logger_configuration_stability[memory_gate.agent_interface-memory_gate.agent_interface]_duration": 0.0003027915954589844,
      "Total Run Time": 1.7198855876922607
    },
    "errors": [],
    "metadata": {
      "python_version": "3.12.7",
      "platform": "Linux",
      "architecture": "x86_64",
      "pytest_args": "tests/test_logging.py",
      "exit_status": 0
    }
  }
]